#
# There is insufficient memory for the Java Runtime Environment to continue.
# Native memory allocation (mmap) failed to map 132120576 bytes for G1 virtual space
# Possible reasons:
#   The system is out of physical RAM or swap space
#   The process is running with CompressedOops enabled, and the Java Heap may be blocking the growth of the native heap
# Possible solutions:
#   Reduce memory load on the system
#   Increase physical memory or swap space
#   Check if swap backing store is full
#   Decrease Java heap size (-Xmx/-Xms)
#   Decrease number of Java threads
#   Decrease Java thread stack sizes (-Xss)
#   Set larger code cache with -XX:ReservedCodeCacheSize=
#   JVM is running with Unscaled Compressed Oops mode in which the Java heap is
#     placed in the first 4GB address space. The Java Heap base address is the
#     maximum limit for the native heap growth. Please use -XX:HeapBaseMinAddress
#     to set the Java Heap base and to place the Java Heap above 4GB virtual address.
# This output file may be truncated or incomplete.
#
#  Out of Memory Error (./open/src/hotspot/os/windows/os_windows.cpp:3472), pid=36484, tid=36564
#
# JRE version:  (15.0.1+9) (build )
# Java VM: Java HotSpot(TM) 64-Bit Server VM (15.0.1+9-18, mixed mode, sharing, tiered, compressed oops, g1 gc, windows-amd64)
# No core dump will be written. Minidumps are not enabled by default on client versions of Windows
#

---------------  S U M M A R Y ------------

Command Line: 

Host: Intel(R) Core(TM) i7-10750H CPU @ 2.60GHz, 12 cores, 7G,  Windows 10 , 64 bit Build 22621 (10.0.22621.1778)
Time: Sat Jul 29 19:39:26 2023 India Standard Time elapsed time: 0.029699 seconds (0d 0h 0m 0s)

---------------  T H R E A D  ---------------

Current thread (0x00000181ec249fd0):  JavaThread "Unknown thread" [_thread_in_vm, id=36564, stack(0x000000190b200000,0x000000190b300000)]

Stack: [0x000000190b200000,0x000000190b300000]
Native frames: (J=compiled Java code, j=interpreted, Vv=VM code, C=native code)
V  [jvm.dll+0x62ae9a]
V  [jvm.dll+0x781389]
V  [jvm.dll+0x782ae3]
V  [jvm.dll+0x783143]
V  [jvm.dll+0x216265]
V  [jvm.dll+0x6281d9]
V  [jvm.dll+0x61cd15]
V  [jvm.dll+0x2d01fd]
V  [jvm.dll+0x2d0062]
V  [jvm.dll+0x2d603c]
V  [jvm.dll+0x325b2a]
V  [jvm.dll+0x3251f4]
V  [jvm.dll+0x2a717a]
V  [jvm.dll+0x2a8318]
V  [jvm.dll+0x75e101]
V  [jvm.dll+0x3343e4]
V  [jvm.dll+0x73e826]
V  [jvm.dll+0x3b7777]
V  [jvm.dll+0x3b9201]
C  [jli.dll+0x52fb]
C  [ucrtbase.dll+0x29363]
C  [KERNEL32.DLL+0x126ad]
C  [ntdll.dll+0x5a9f8]


---------------  P R O C E S S  ---------------

Threads class SMR info:
_java_thread_list=0x00007fff657c4ff0, length=0, elements={
}

Java Threads: ( => current thread )

Other Threads:
  0x00000181ee50e9c0 GCTaskThread "GC Thread#0" [stack: 0x000000190b300000,0x000000190b400000] [id=23404]
  0x00000181ee51f590 ConcurrentGCThread "G1 Main Marker" [stack: 0x000000190b400000,0x000000190b500000] [id=31588]
  0x00000181ee522040 ConcurrentGCThread "G1 Conc#0" [stack: 0x000000190b500000,0x000000190b600000] [id=36452]

[error occurred during error reporting (printing all threads), id 0xc0000005, EXCEPTION_ACCESS_VIOLATION (0xc0000005) at pc=0x00007fff64fb8047]

VM state: not at safepoint (not fully initialized)

VM Mutex/Monitor currently owned by a thread:  ([mutex/lock_event])
[0x00000181ee4cfc40] Heap_lock - owner thread: 0x00000181ec249fd0

Heap address: 0x0000000083800000, size: 1992 MB, Compressed Oops mode: 32-bit
CDS archive(s) mapped at: [0x0000000000000000-0x0000000000000000-0x0000000000000000), size 0, SharedBaseAddress: 0x0000000800000000, ArchiveRelocationMode: 0.
Narrow klass base: 0x0000000000000000, Narrow klass shift: 0, Narrow klass range: 0x0

Heap:
 garbage-first heap   total 129024K, used 0K [0x0000000083800000, 0x0000000100000000)
  region size 1024K, 0 young (0K), 0 survivors (0K)
 Metaspace       used 0K, capacity 0K, committed 0K, reserved 0K
  class space    used 0K, capacity 0K, committed 0K, reserved 0K

Heap Regions: E=young(eden), S=young(survivor), O=old, HS=humongous(starts), HC=humongous(continues), CS=collection set, F=free, OA=open archive, CA=closed archive, TAMS=top-at-mark-start (previous, next)

Card table byte_map: [0x00000181f7020000,0x00000181f7410000] _byte_map_base: 0x00000181f6c04000

Marking Bits (Prev, Next): (CMBitMap*) 0x00000181ee50f230, (CMBitMap*) 0x00000181ee50f270
 Prev Bits: [0x00000181f7800000, 0x00000181f9720000)
 Next Bits: [0x00000181f9720000, 0x00000181fb640000)

GC Heap History (0 events):
No events

Deoptimization events (0 events):
No events

Classes unloaded (0 events):
No events

Classes redefined (0 events):
No events

Internal exceptions (0 events):
No events

Events (1 events):
Event: 0.013 Loaded shared library C:\Program Files\Java\jdk-15.0.1\bin\java.dll


Dynamic libraries:
0x00007ff742940000 - 0x00007ff74294f000 	C:\Program Files\Java\jdk-15.0.1\bin\java.exe
0x00007fffdc130000 - 0x00007fffdc344000 	C:\WINDOWS\SYSTEM32\ntdll.dll
0x00007fffd9fc0000 - 0x00007fffda082000 	C:\WINDOWS\System32\KERNEL32.DLL
0x00007fffd9530000 - 0x00007fffd98d3000 	C:\WINDOWS\System32\KERNELBASE.dll
0x00007fffd9af0000 - 0x00007fffd9c01000 	C:\WINDOWS\System32\ucrtbase.dll
0x00007fff964a0000 - 0x00007fff964b9000 	C:\Program Files\Java\jdk-15.0.1\bin\VCRUNTIME140.dll
0x00007fff93c50000 - 0x00007fff93c68000 	C:\Program Files\Java\jdk-15.0.1\bin\jli.dll
0x00007fffdadb0000 - 0x00007fffdae5e000 	C:\WINDOWS\System32\ADVAPI32.dll
0x00007fffda0f0000 - 0x00007fffda197000 	C:\WINDOWS\System32\msvcrt.dll
0x00007fffd9f10000 - 0x00007fffd9fb4000 	C:\WINDOWS\System32\sechost.dll
0x00007fffda1b0000 - 0x00007fffda2c7000 	C:\WINDOWS\System32\RPCRT4.dll
0x00007fffdb360000 - 0x00007fffdb50b000 	C:\WINDOWS\System32\USER32.dll
0x00007fffd9ac0000 - 0x00007fffd9ae6000 	C:\WINDOWS\System32\win32u.dll
0x00007fffdb510000 - 0x00007fffdb539000 	C:\WINDOWS\System32\GDI32.dll
0x00007fffd9d70000 - 0x00007fffd9e89000 	C:\WINDOWS\System32\gdi32full.dll
0x00007fffbeb20000 - 0x00007fffbedae000 	C:\WINDOWS\WinSxS\amd64_microsoft.windows.common-controls_6595b64144ccf1df_6.0.22621.1635_none_270f70857386168e\COMCTL32.dll
0x00007fffd9c10000 - 0x00007fffd9caa000 	C:\WINDOWS\System32\msvcp_win.dll
0x00007fffd8fc0000 - 0x00007fffd8fca000 	C:\WINDOWS\SYSTEM32\VERSION.dll
0x00007fffdc010000 - 0x00007fffdc041000 	C:\WINDOWS\System32\IMM32.DLL
0x000000006c500000 - 0x000000006c50c000 	C:\Program Files (x86)\360\Total Security\safemon\SafeWrapper.dll
0x00007fff96bb0000 - 0x00007fff96c42000 	C:\Program Files (x86)\360\Total Security\safemon\libzdtp64.dll
0x00007fffda2d0000 - 0x00007fffdaaca000 	C:\WINDOWS\System32\SHELL32.dll
0x00007fffda090000 - 0x00007fffda0ee000 	C:\WINDOWS\System32\SHLWAPI.dll
0x00007fff9bb80000 - 0x00007fff9bb8c000 	C:\Program Files\Java\jdk-15.0.1\bin\vcruntime140_1.dll
0x00007fff74e50000 - 0x00007fff74ee1000 	C:\Program Files\Java\jdk-15.0.1\bin\msvcp140.dll
0x00007fff64d00000 - 0x00007fff6585e000 	C:\Program Files\Java\jdk-15.0.1\bin\server\jvm.dll
0x00007fffdb700000 - 0x00007fffdb708000 	C:\WINDOWS\System32\PSAPI.DLL
0x00007fffcdde0000 - 0x00007fffcde14000 	C:\WINDOWS\SYSTEM32\WINMM.dll
0x00007fffb48f0000 - 0x00007fffb48f9000 	C:\WINDOWS\SYSTEM32\WSOCK32.dll
0x00007fffdc050000 - 0x00007fffdc0c1000 	C:\WINDOWS\System32\WS2_32.dll
0x00007fffd8600000 - 0x00007fffd8618000 	C:\WINDOWS\SYSTEM32\kernel.appcore.dll
0x00007fff9b400000 - 0x00007fff9b40a000 	C:\Program Files\Java\jdk-15.0.1\bin\jimage.dll
0x00007fffd3cb0000 - 0x00007fffd3ede000 	C:\WINDOWS\SYSTEM32\DBGHELP.DLL
0x00007fffdbc80000 - 0x00007fffdc009000 	C:\WINDOWS\System32\combase.dll
0x00007fffdb710000 - 0x00007fffdb7e7000 	C:\WINDOWS\System32\OLEAUT32.dll
0x00007fffb1940000 - 0x00007fffb1972000 	C:\WINDOWS\SYSTEM32\dbgcore.DLL
0x00007fffd9e90000 - 0x00007fffd9f0b000 	C:\WINDOWS\System32\bcryptPrimitives.dll
0x00007fff8f570000 - 0x00007fff8f595000 	C:\Program Files\Java\jdk-15.0.1\bin\java.dll

dbghelp: loaded successfully - version: 4.0.5 - missing functions: none
symbol engine: initialized successfully - sym options: 0x614 - pdb path: .;C:\Program Files\Java\jdk-15.0.1\bin;C:\WINDOWS\SYSTEM32;C:\WINDOWS\WinSxS\amd64_microsoft.windows.common-controls_6595b64144ccf1df_6.0.22621.1635_none_270f70857386168e;C:\Program Files (x86)\360\Total Security\safemon;C:\Program Files\Java\jdk-15.0.1\bin\server

VM Arguments:
java_command: <unknown>
java_class_path (initial): <not set>
Launcher Type: SUN_STANDARD

[Global flags]
     intx CICompilerCount                          = 4                                         {product} {ergonomic}
     uint ConcGCThreads                            = 3                                         {product} {ergonomic}
     uint G1ConcRefinementThreads                  = 10                                        {product} {ergonomic}
   size_t G1HeapRegionSize                         = 1048576                                   {product} {ergonomic}
    uintx GCDrainStackTargetSize                   = 64                                        {product} {ergonomic}
   size_t InitialHeapSize                          = 132120576                                 {product} {ergonomic}
   size_t MarkStackSize                            = 4194304                                   {product} {ergonomic}
   size_t MaxHeapSize                              = 2088763392                                {product} {ergonomic}
   size_t MinHeapDeltaBytes                        = 1048576                                   {product} {ergonomic}
   size_t MinHeapSize                              = 8388608                                   {product} {ergonomic}
    uintx NonNMethodCodeHeapSize                   = 5839372                                {pd product} {ergonomic}
    uintx NonProfiledCodeHeapSize                  = 122909434                              {pd product} {ergonomic}
    uintx ProfiledCodeHeapSize                     = 122909434                              {pd product} {ergonomic}
    uintx ReservedCodeCacheSize                    = 251658240                              {pd product} {ergonomic}
     bool SegmentedCodeCache                       = true                                      {product} {ergonomic}
   size_t SoftMaxHeapSize                          = 2088763392                             {manageable} {ergonomic}
     bool UseCompressedClassPointers               = true                                 {lp64_product} {ergonomic}
     bool UseCompressedOops                        = true                                 {lp64_product} {ergonomic}
     bool UseG1GC                                  = true                                      {product} {ergonomic}
     bool UseLargePagesIndividualAllocation        = false                                  {pd product} {ergonomic}

Logging:
Log output configuration:
 #0: stdout all=warning uptime,level,tags
 #1: stderr all=off uptime,level,tags

Environment Variables:
PATH=C:\Program Files (x86)\VMware\VMware Player\bin\;C:\Program Files\Common Files\Oracle\Java\javapath;C:\windows\system32;C:\windows;C:\windows\System32\Wbem;C:\windows\System32\WindowsPowerShell\v1.0\;C:\windows\System32\OpenSSH\;C:\Program Files\NVIDIA Corporation\NVIDIA NvDLISR;C:\Windows\system32;C:\Windows;C:\Windows\System32\Wbem;C:\Windows\System32\WindowsPowerShell\v1.0\;C:\Windows\System32\OpenSSH\;C:\Users\krish\AppData\Roaming\nvm;C:\Program Files\Java\jdk-15.0.1\bin;C:\Program Files\dotnet\;D:\ffmpeg\STANDARDFFMPEG\bin;C:\Program Files (x86)\NVIDIA Corporation\PhysX\Common;C:\WINDOWS\system32;C:\WINDOWS;C:\WINDOWS\System32\Wbem;C:\WINDOWS\System32\WindowsPowerShell\v1.0\;C:\WINDOWS\System32\OpenSSH\;C:\Program Files\Docker\Docker\resources\bin;C:\Program Files\Git\cmd;C:\Users\krish\AppData\Roaming\nvm;C:\Program Files\nodejs;C:\Program Files (x86)\Universal Extractor;C:\Program Files (x86)\Universal Extractor\bin;C:\Users\krish\AppData\Local\Android\Sdk\platform-tools;C:\Users\krish\AppData\Local\Android\Sdk\tools;C:\Users\krish\AppData\Local\Programs\Python\Python36\Scripts\;C:\Users\krish\AppData\Local\Programs\Python\Python36\;C:\Users\krish\AppData\Local\Microsoft\WindowsApps;C:\Users\krish\AppData\Local\Programs\Microsoft VS Code\bin;C:\Users\krish\AppData\Roaming\nvm;C:\Program Files\nodejs;C:\Users\krish\OneDrive\Desktop\platform-tools;C:\src\flutter\bin;C:\Program Files\Java\jdk-15.0.1\bin;C:\Program Files (x86)\FreeArc\bin;C:\Users\krish\.dotnet\tools;
USERNAME=krish
LANG=en_US.UTF-8
OS=Windows_NT
PROCESSOR_IDENTIFIER=Intel64 Family 6 Model 165 Stepping 2, GenuineIntel



---------------  S Y S T E M  ---------------

OS:
 Windows 10 , 64 bit Build 22621 (10.0.22621.1778)
OS uptime: 0 days 6:04 hours

CPU: total 12 (initial active 12) (6 cores per cpu, 2 threads per core) family 6 model 165 stepping 2 microcode 0xf4, cmov, cx8, fxsr, mmx, sse, sse2, sse3, ssse3, sse4.1, sse4.2, popcnt, vzeroupper, avx, avx2, aes, clmul, erms, 3dnowpref, lzcnt, ht, tsc, tscinvbit, bmi1, bmi2, adx, fma, clflush, clflushopt

Memory: 4k page, system-wide physical 7962M (316M free)
TotalPageFile size 32538M (AvailPageFile size 64M)
current process WorkingSet (physical memory assigned to process): 12M, peak: 12M
current process commit charge ("private bytes"): 65M, peak: 190M

vm_info: Java HotSpot(TM) 64-Bit Server VM (15.0.1+9-18) for windows-amd64 JRE (15.0.1+9-18), built on Sep 15 2020 14:43:54 by "mach5one" with unknown MS VC++:1925

END.
